#
# There is insufficient memory for the Java Runtime Environment to continue.
# Native memory allocation (mmap) failed to map 131596288 bytes for committing reserved memory.
# Possible reasons:
#   The system is out of physical RAM or swap space
#   In 32 bit mode, the process size limit was hit
# Possible solutions:
#   Reduce memory load on the system
#   Increase physical memory or swap space
#   Check if swap backing store is full
#   Use 64 bit Java on a 64 bit OS
#   Decrease Java heap size (-Xmx/-Xms)
#   Decrease number of Java threads
#   Decrease Java thread stack sizes (-Xss)
#   Set larger code cache with -XX:ReservedCodeCacheSize=
# This output file may be truncated or incomplete.
#
#  Out of Memory Error (os_linux.cpp:2627), pid=12947, tid=140542621771520
#
# JRE version: Java(TM) SE Runtime Environment (8.0_91-b14) (build 1.8.0_91-b14)
# Java VM: Java HotSpot(TM) 64-Bit Server VM (25.91-b14 mixed mode linux-amd64 compressed oops)
# Failed to write core dump. Core dumps have been disabled. To enable core dumping, try "ulimit -c unlimited" before starting Java again
#

---------------  T H R E A D  ---------------

Current thread (0x00007fd2b4080000):  VMThread [stack: 0x00007fd2a0fbe000,0x00007fd2a10bf000] [id=12962]

Stack: [0x00007fd2a0fbe000,0x00007fd2a10bf000],  sp=0x00007fd2a10bd1a0,  free space=1020k
Native frames: (J=compiled Java code, j=interpreted, Vv=VM code, C=native code)
V  [libjvm.so+0xabc18a]  VMError::report_and_die()+0x2ba
V  [libjvm.so+0x4fafeb]  report_vm_out_of_memory(char const*, int, unsigned long, VMErrorType, char const*)+0x8b
V  [libjvm.so+0x91cbb3]  os::Linux::commit_memory_impl(char*, unsigned long, bool)+0x103
V  [libjvm.so+0x91d109]  os::pd_commit_memory(char*, unsigned long, unsigned long, bool)+0x29
V  [libjvm.so+0x91740a]  os::commit_memory(char*, unsigned long, unsigned long, bool)+0x2a
V  [libjvm.so+0x98b033]  PSVirtualSpace::expand_by(unsigned long)+0x53
V  [libjvm.so+0x98c438]  PSYoungGen::resize_generation(unsigned long, unsigned long)+0xf8
V  [libjvm.so+0x98b592]  PSYoungGen::resize(unsigned long, unsigned long)+0x22
V  [libjvm.so+0x98886b]  PSScavenge::invoke_no_policy()+0xf3b
V  [libjvm.so+0x988ff1]  PSScavenge::invoke()+0x41
V  [libjvm.so+0x9408b0]  ParallelScavengeHeap::failed_mem_allocate(unsigned long)+0x70
V  [libjvm.so+0xabdba7]  VM_ParallelGCFailedAllocation::doit()+0x97
V  [libjvm.so+0xac55d5]  VM_Operation::evaluate()+0x55
V  [libjvm.so+0xac39aa]  VMThread::evaluate_operation(VM_Operation*)+0xba
V  [libjvm.so+0xac3d2e]  VMThread::loop()+0x1ce
V  [libjvm.so+0xac41a0]  VMThread::run()+0x70
V  [libjvm.so+0x91ef78]  java_start(Thread*)+0x108

VM_Operation (0x00007fd2bad0a330): ParallelGCFailedAllocation, mode: safepoint, requested by thread 0x00007fd2b400a000


---------------  P R O C E S S  ---------------

Java Threads: ( => current thread )
  0x00007fd2b41e1800 JavaThread "clojure-agent-send-off-pool-1" [_thread_blocked, id=12975, stack(0x00007fd257aff000,0x00007fd257c00000)]
  0x00007fd2b41de800 JavaThread "clojure-agent-send-off-pool-0" [_thread_blocked, id=12974, stack(0x00007fd2a0006000,0x00007fd2a0107000)]
  0x00007fd2b40ca000 JavaThread "Service Thread" daemon [_thread_blocked, id=12970, stack(0x00007fd2a0269000,0x00007fd2a036a000)]
  0x00007fd2b40c7800 JavaThread "C1 CompilerThread3" daemon [_thread_blocked, id=12969, stack(0x00007fd2a036a000,0x00007fd2a046b000)]
  0x00007fd2b40c5800 JavaThread "C2 CompilerThread2" daemon [_thread_blocked, id=12968, stack(0x00007fd2a046b000,0x00007fd2a056c000)]
  0x00007fd2b40c3800 JavaThread "C2 CompilerThread1" daemon [_thread_blocked, id=12967, stack(0x00007fd2a056c000,0x00007fd2a066d000)]
  0x00007fd2b40c0800 JavaThread "C2 CompilerThread0" daemon [_thread_blocked, id=12966, stack(0x00007fd2a066d000,0x00007fd2a076e000)]
  0x00007fd2b40bf000 JavaThread "Signal Dispatcher" daemon [_thread_blocked, id=12965, stack(0x00007fd2a076e000,0x00007fd2a086f000)]
  0x00007fd2b408c800 JavaThread "Finalizer" daemon [_thread_blocked, id=12964, stack(0x00007fd2a0dbc000,0x00007fd2a0ebd000)]
  0x00007fd2b4088000 JavaThread "Reference Handler" daemon [_thread_blocked, id=12963, stack(0x00007fd2a0ebd000,0x00007fd2a0fbe000)]
  0x00007fd2b400a000 JavaThread "main" [_thread_blocked, id=12953, stack(0x00007fd2bac17000,0x00007fd2bad18000)]

Other Threads:
=>0x00007fd2b4080000 VMThread [stack: 0x00007fd2a0fbe000,0x00007fd2a10bf000] [id=12962]
  0x00007fd2b40cd000 WatcherThread [stack: 0x00007fd2a0168000,0x00007fd2a0269000] [id=12971]

VM state:at safepoint (normal execution)

VM Mutex/Monitor currently owned by a thread:  ([mutex/lock_event])
[0x00007fd2b40068a0] Threads_lock - owner thread: 0x00007fd2b4080000
[0x00007fd2b4006da0] Heap_lock - owner thread: 0x00007fd2b400a000

Heap:
 PSYoungGen      total 262144K, used 7326K [0x00000000d6f80000, 0x00000000e7a80000, 0x0000000100000000)
  eden space 250880K, 0% used [0x00000000d6f80000,0x00000000d6f80000,0x00000000e6480000)
  from space 11264K, 65% used [0x00000000e6480000,0x00000000e6ba7a28,0x00000000e6f80000)
  to   space 10752K, 0% used [0x00000000e7000000,0x00000000e7000000,0x00000000e7a80000)
 ParOldGen       total 57344K, used 16343K [0x0000000084e00000, 0x0000000088600000, 0x00000000d6f80000)
  object space 57344K, 28% used [0x0000000084e00000,0x0000000085df5c68,0x0000000088600000)
 Metaspace       used 23592K, capacity 29063K, committed 29184K, reserved 1071104K
  class space    used 6255K, capacity 8127K, committed 8192K, reserved 1048576K

Card table byte_map: [0x00007fd2a4439000,0x00007fd2a4813000] byte_map_base: 0x00007fd2a4012000

Marking Bits: (ParMarkBitMap*) 0x00007fd2ba0f3d60
 Begin Bits: [0x00007fd27c270000, 0x00007fd27e138000)
 End Bits:   [0x00007fd27e138000, 0x00007fd280000000)

Polling page: 0x00007fd2bad42000

CodeCache: size=245760Kb used=5366Kb max_used=5366Kb free=240393Kb
 bounds [0x00007fd2a4bd3000, 0x00007fd2a5113000, 0x00007fd2b3bd3000]
 total_blobs=2505 nmethods=2157 adapters=260
 compilation: enabled

Compilation events (10 events):
Event: 3,364 Thread 0x00007fd2b40c7800 nmethod 2153 0x00007fd2a510e850 code [0x00007fd2a510eaa0, 0x00007fd2a510f038]
Event: 3,437 Thread 0x00007fd2b40c7800 2154       1       java.lang.Class::privateGetDeclaredFields (67 bytes)
Event: 3,491 Thread 0x00007fd2b40c7800 nmethod 2154 0x00007fd2a510f410 code [0x00007fd2a510f5c0, 0x00007fd2a510f948]
Event: 3,506 Thread 0x00007fd2b40c7800 2155       1       clojure.lang.PersistentTreeMap$RedVal::blacken (16 bytes)
Event: 3,570 Thread 0x00007fd2b40c7800 nmethod 2155 0x00007fd2a510fdd0 code [0x00007fd2a510ff20, 0x00007fd2a51100d0]
Event: 7,550 Thread 0x00007fd2b40c7800 2156   !   1       java.util.Collections$SynchronizedCollection::add (25 bytes)
Event: 8,679 Thread 0x00007fd2b40c7800 nmethod 2156 0x00007fd2a5110150 code [0x00007fd2a51102c0, 0x00007fd2a5110588]
Event: 11,388 Thread 0x00007fd2b40c7800 2157       1       clojure.lang.Compiler$StaticFieldExpr::hasJavaClass (2 bytes)
Event: 11,553 Thread 0x00007fd2b40c7800 nmethod 2157 0x00007fd2a5110690 code [0x00007fd2a51107e0, 0x00007fd2a51108f0]
Event: 11,590 Thread 0x00007fd2b40c7800 2158       1       clojure.lang.Compiler$StaticFieldExpr::getJavaClass (25 bytes)

GC Heap History (10 events):
Event: 1,651 GC heap after
Heap after GC invocations=5 (full 0):
 PSYoungGen      total 68608K, used 5088K [0x00000000d6f80000, 0x00000000dff80000, 0x0000000100000000)
  eden space 63488K, 0% used [0x00000000d6f80000,0x00000000d6f80000,0x00000000dad80000)
  from space 5120K, 99% used [0x00000000dad80000,0x00000000db278040,0x00000000db280000)
  to   space 10240K, 0% used [0x00000000df580000,0x00000000df580000,0x00000000dff80000)
 ParOldGen       total 84992K, used 7804K [0x0000000084e00000, 0x000000008a100000, 0x00000000d6f80000)
  object space 84992K, 9% used [0x0000000084e00000,0x000000008559f358,0x000000008a100000)
 Metaspace       used 14889K, capacity 16467K, committed 16640K, reserved 1062912K
  class space    used 3430K, capacity 3983K, committed 4096K, reserved 1048576K
}
Event: 1,740 GC heap before
{Heap before GC invocations=6 (full 0):
 PSYoungGen      total 68608K, used 68576K [0x00000000d6f80000, 0x00000000dff80000, 0x0000000100000000)
  eden space 63488K, 100% used [0x00000000d6f80000,0x00000000dad80000,0x00000000dad80000)
  from space 5120K, 99% used [0x00000000dad80000,0x00000000db278040,0x00000000db280000)
  to   space 10240K, 0% used [0x00000000df580000,0x00000000df580000,0x00000000dff80000)
 ParOldGen       total 84992K, used 7804K [0x0000000084e00000, 0x000000008a100000, 0x00000000d6f80000)
  object space 84992K, 9% used [0x0000000084e00000,0x000000008559f358,0x000000008a100000)
 Metaspace       used 15422K, capacity 17229K, committed 17408K, reserved 1062912K
  class space    used 3621K, capacity 4265K, committed 4352K, reserved 1048576K
Event: 1,786 GC heap after
Heap after GC invocations=6 (full 0):
 PSYoungGen      total 135680K, used 9840K [0x00000000d6f80000, 0x00000000e0280000, 0x0000000100000000)
  eden space 125440K, 0% used [0x00000000d6f80000,0x00000000d6f80000,0x00000000dea00000)
  from space 10240K, 96% used [0x00000000df580000,0x00000000dff1c090,0x00000000dff80000)
  to   space 11776K, 0% used [0x00000000dea00000,0x00000000dea00000,0x00000000df580000)
 ParOldGen       total 84992K, used 7812K [0x0000000084e00000, 0x000000008a100000, 0x00000000d6f80000)
  object space 84992K, 9% used [0x0000000084e00000,0x00000000855a1358,0x000000008a100000)
 Metaspace       used 15422K, capacity 17229K, committed 17408K, reserved 1062912K
  class space    used 3621K, capacity 4265K, committed 4352K, reserved 1048576K
}
Event: 2,129 GC heap before
{Heap before GC invocations=7 (full 0):
 PSYoungGen      total 135680K, used 135280K [0x00000000d6f80000, 0x00000000e0280000, 0x0000000100000000)
  eden space 125440K, 100% used [0x00000000d6f80000,0x00000000dea00000,0x00000000dea00000)
  from space 10240K, 96% used [0x00000000df580000,0x00000000dff1c090,0x00000000dff80000)
  to   space 11776K, 0% used [0x00000000dea00000,0x00000000dea00000,0x00000000df580000)
 ParOldGen       total 84992K, used 7812K [0x0000000084e00000, 0x000000008a100000, 0x00000000d6f80000)
  object space 84992K, 9% used [0x0000000084e00000,0x00000000855a1358,0x000000008a100000)
 Metaspace       used 16731K, capacity 19141K, committed 19328K, reserved 1062912K
  class space    used 4066K, capacity 4881K, committed 4992K, reserved 1048576K
Event: 2,143 GC heap after
Heap after GC invocations=7 (full 0):
 PSYoungGen      total 137216K, used 8078K [0x00000000d6f80000, 0x00000000e7b80000, 0x0000000100000000)
  eden space 125440K, 0% used [0x00000000d6f80000,0x00000000d6f80000,0x00000000dea00000)
  from space 11776K, 68% used [0x00000000dea00000,0x00000000df1e3b78,0x00000000df580000)
  to   space 11776K, 0% used [0x00000000e7000000,0x00000000e7000000,0x00000000e7b80000)
 ParOldGen       total 84992K, used 10943K [0x0000000084e00000, 0x000000008a100000, 0x00000000d6f80000)
  object space 84992K, 12% used [0x0000000084e00000,0x00000000858afe78,0x000000008a100000)
 Metaspace       used 16731K, capacity 19141K, committed 19328K, reserved 1062912K
  class space    used 4066K, capacity 4881K, committed 4992K, reserved 1048576K
}
Event: 2,388 GC heap before
{Heap before GC invocations=8 (full 0):
 PSYoungGen      total 137216K, used 66670K [0x00000000d6f80000, 0x00000000e7b80000, 0x0000000100000000)
  eden space 125440K, 46% used [0x00000000d6f80000,0x00000000da8b7ca8,0x00000000dea00000)
  from space 11776K, 68% used [0x00000000dea00000,0x00000000df1e3b78,0x00000000df580000)
  to   space 11776K, 0% used [0x00000000e7000000,0x00000000e7000000,0x00000000e7b80000)
 ParOldGen       total 84992K, used 10943K [0x0000000084e00000, 0x000000008a100000, 0x00000000d6f80000)
  object space 84992K, 12% used [0x0000000084e00000,0x00000000858afe78,0x000000008a100000)
 Metaspace       used 17979K, capacity 21159K, committed 21296K, reserved 1064960K
  class space    used 4471K, capacity 5503K, committed 5504K, reserved 1048576K
Event: 2,397 GC heap after
Heap after GC invocations=8 (full 0):
 PSYoungGen      total 261632K, used 7711K [0x00000000d6f80000, 0x00000000e7a80000, 0x0000000100000000)
  eden space 250880K, 0% used [0x00000000d6f80000,0x00000000d6f80000,0x00000000e6480000)
  from space 10752K, 71% used [0x00000000e7000000,0x00000000e7787ef0,0x00000000e7a80000)
  to   space 11264K, 0% used [0x00000000e6480000,0x00000000e6480000,0x00000000e6f80000)
 ParOldGen       total 84992K, used 11750K [0x0000000084e00000, 0x000000008a100000, 0x00000000d6f80000)
  object space 84992K, 13% used [0x0000000084e00000,0x0000000085979958,0x000000008a100000)
 Metaspace       used 17979K, capacity 21159K, committed 21296K, reserved 1064960K
  class space    used 4471K, capacity 5503K, committed 5504K, reserved 1048576K
}
Event: 2,397 GC heap before
{Heap before GC invocations=9 (full 1):
 PSYoungGen      total 261632K, used 7711K [0x00000000d6f80000, 0x00000000e7a80000, 0x0000000100000000)
  eden space 250880K, 0% used [0x00000000d6f80000,0x00000000d6f80000,0x00000000e6480000)
  from space 10752K, 71% used [0x00000000e7000000,0x00000000e7787ef0,0x00000000e7a80000)
  to   space 11264K, 0% used [0x00000000e6480000,0x00000000e6480000,0x00000000e6f80000)
 ParOldGen       total 84992K, used 11750K [0x0000000084e00000, 0x000000008a100000, 0x00000000d6f80000)
  object space 84992K, 13% used [0x0000000084e00000,0x0000000085979958,0x000000008a100000)
 Metaspace       used 17979K, capacity 21159K, committed 21296K, reserved 1064960K
  class space    used 4471K, capacity 5503K, committed 5504K, reserved 1048576K
Event: 2,435 GC heap after
Heap after GC invocations=9 (full 1):
 PSYoungGen      total 261632K, used 0K [0x00000000d6f80000, 0x00000000e7a80000, 0x0000000100000000)
  eden space 250880K, 0% used [0x00000000d6f80000,0x00000000d6f80000,0x00000000e6480000)
  from space 10752K, 0% used [0x00000000e7000000,0x00000000e7000000,0x00000000e7a80000)
  to   space 11264K, 0% used [0x00000000e6480000,0x00000000e6480000,0x00000000e6f80000)
 ParOldGen       total 57344K, used 16343K [0x0000000084e00000, 0x0000000088600000, 0x00000000d6f80000)
  object space 57344K, 28% used [0x0000000084e00000,0x0000000085df5c68,0x0000000088600000)
 Metaspace       used 17979K, capacity 21159K, committed 21296K, reserved 1064960K
  class space    used 4471K, capacity 5503K, committed 5504K, reserved 1048576K
}
Event: 11,807 GC heap before
{Heap before GC invocations=10 (full 1):
 PSYoungGen      total 261632K, used 250880K [0x00000000d6f80000, 0x00000000e7a80000, 0x0000000100000000)
  eden space 250880K, 100% used [0x00000000d6f80000,0x00000000e6480000,0x00000000e6480000)
  from space 10752K, 0% used [0x00000000e7000000,0x00000000e7000000,0x00000000e7a80000)
  to   space 11264K, 0% used [0x00000000e6480000,0x00000000e6480000,0x00000000e6f80000)
 ParOldGen       total 57344K, used 16343K [0x0000000084e00000, 0x0000000088600000, 0x00000000d6f80000)
  object space 57344K, 28% used [0x0000000084e00000,0x0000000085df5c68,0x0000000088600000)
 Metaspace       used 23592K, capacity 29063K, committed 29184K, reserved 1071104K
  class space    used 6255K, capacity 8127K, committed 8192K, reserved 1048576K

Deoptimization events (0 events):
No events

Internal exceptions (10 events):
Event: 0,068 Thread 0x00007fd2b400a000 Exception <a 'java/security/PrivilegedActionException'> (0x00000000d6fe1320) thrown at [/HUDSON/workspace/8-2-build-linux-amd64/jdk8u91/6644/hotspot/src/share/vm/prims/jvm.cpp, line 1386]
Event: 0,068 Thread 0x00007fd2b400a000 Exception <a 'java/security/PrivilegedActionException'> (0x00000000d6fe1f20) thrown at [/HUDSON/workspace/8-2-build-linux-amd64/jdk8u91/6644/hotspot/src/share/vm/prims/jvm.cpp, line 1386]
Event: 0,068 Thread 0x00007fd2b400a000 Exception <a 'java/security/PrivilegedActionException'> (0x00000000d6fe2130) thrown at [/HUDSON/workspace/8-2-build-linux-amd64/jdk8u91/6644/hotspot/src/share/vm/prims/jvm.cpp, line 1386]
Event: 0,068 Thread 0x00007fd2b400a000 Exception <a 'java/security/PrivilegedActionException'> (0x00000000d6fe2cd0) thrown at [/HUDSON/workspace/8-2-build-linux-amd64/jdk8u91/6644/hotspot/src/share/vm/prims/jvm.cpp, line 1386]
Event: 0,068 Thread 0x00007fd2b400a000 Exception <a 'java/security/PrivilegedActionException'> (0x00000000d6fe2ee0) thrown at [/HUDSON/workspace/8-2-build-linux-amd64/jdk8u91/6644/hotspot/src/share/vm/prims/jvm.cpp, line 1386]
Event: 0,265 Thread 0x00007fd2b400a000 Exception <a 'java/security/PrivilegedActionException'> (0x00000000d74e56b8) thrown at [/HUDSON/workspace/8-2-build-linux-amd64/jdk8u91/6644/hotspot/src/share/vm/prims/jvm.cpp, line 1386]
Event: 0,265 Thread 0x00007fd2b400a000 Exception <a 'java/security/PrivilegedActionException'> (0x00000000d74e58c8) thrown at [/HUDSON/workspace/8-2-build-linux-amd64/jdk8u91/6644/hotspot/src/share/vm/prims/jvm.cpp, line 1386]
Event: 0,265 Thread 0x00007fd2b400a000 Exception <a 'java/security/PrivilegedActionException'> (0x00000000d74e7d08) thrown at [/HUDSON/workspace/8-2-build-linux-amd64/jdk8u91/6644/hotspot/src/share/vm/prims/jvm.cpp, line 1386]
Event: 0,265 Thread 0x00007fd2b400a000 Exception <a 'java/security/PrivilegedActionException'> (0x00000000d74e7f18) thrown at [/HUDSON/workspace/8-2-build-linux-amd64/jdk8u91/6644/hotspot/src/share/vm/prims/jvm.cpp, line 1386]
Event: 1,679 Thread 0x00007fd2b41e1800 Exception <a 'java/io/FileNotFoundException'> (0x00000000d90906b0) thrown at [/HUDSON/workspace/8-2-build-linux-amd64/jdk8u91/6644/hotspot/src/share/vm/prims/jni.cpp, line 709]

Events (10 events):
Event: 10,233 loading class java/util/EnumSet done
Event: 10,342 loading class java/lang/Class$4
Event: 10,447 loading class java/lang/Class$4 done
Event: 10,851 loading class java/util/RegularEnumSet
Event: 11,073 loading class java/util/RegularEnumSet done
Event: 11,281 loading class com/sun/tools/javac/api/DiagnosticFormatter$Configuration$MultilineLimit
Event: 11,293 loading class com/sun/tools/javac/api/DiagnosticFormatter$Configuration$MultilineLimit done
Event: 11,652 loading class java/util/EnumMap
Event: 11,703 Executing VM operation: ParallelGCFailedAllocation
Event: 11,730 loading class java/util/EnumMap done


Dynamic libraries:
00400000-00401000 r-xp 00000000 08:11 3301019                            /usr/lib/jvm/java-8-oracle/jre/bin/java
00600000-00601000 rw-p 00000000 08:11 3301019                            /usr/lib/jvm/java-8-oracle/jre/bin/java
00957000-00978000 rw-p 00000000 00:00 0                                  [heap]
84e00000-88600000 rw-p 00000000 00:00 0 
88600000-d6f80000 ---p 00000000 00:00 0 
d6f80000-e7a80000 rw-p 00000000 00:00 0 
ef800000-100000000 ---p 00000000 00:00 0 
100000000-100800000 rw-p 00000000 00:00 0 
100800000-140000000 ---p 00000000 00:00 0 
7fd244000000-7fd244026000 rw-p 00000000 00:00 0 
7fd244026000-7fd248000000 ---p 00000000 00:00 0 
7fd24c000000-7fd24c052000 rw-p 00000000 00:00 0 
7fd24c052000-7fd250000000 ---p 00000000 00:00 0 
7fd250000000-7fd250021000 rw-p 00000000 00:00 0 
7fd250021000-7fd254000000 ---p 00000000 00:00 0 
7fd257129000-7fd2571a9000 rw-p 00000000 00:00 0 
7fd2571a9000-7fd257329000 ---p 00000000 00:00 0 
7fd257329000-7fd2573a2000 r--s 010e3000 08:11 2112189                    /usr/lib/jvm/java-8-oracle/lib/tools.jar
7fd2573a2000-7fd25746a000 r--s 01359000 08:11 2112181                    /usr/lib/jvm/java-8-oracle/src.zip
7fd25746a000-7fd25766a000 rw-p 00000000 00:00 0 
7fd25766a000-7fd2576ff000 r--s 01103000 08:11 3933961                    /usr/lib/jvm/java-8-oracle/jre/lib/ext/jfxrt.jar
7fd2576ff000-7fd2578ff000 rw-p 00000000 00:00 0 
7fd2578ff000-7fd257aff000 rw-p 00000000 00:00 0 
7fd257aff000-7fd257b02000 ---p 00000000 00:00 0 
7fd257b02000-7fd257e00000 rw-p 00000000 00:00 0 
7fd257e00000-7fd258000000 rw-p 00000000 00:00 0 
7fd258000000-7fd25844d000 rw-p 00000000 00:00 0 
7fd25844d000-7fd25c000000 ---p 00000000 00:00 0 
7fd25c000000-7fd25c021000 rw-p 00000000 00:00 0 
7fd25c021000-7fd260000000 ---p 00000000 00:00 0 
7fd260000000-7fd260021000 rw-p 00000000 00:00 0 
7fd260021000-7fd264000000 ---p 00000000 00:00 0 
7fd264000000-7fd264021000 rw-p 00000000 00:00 0 
7fd264021000-7fd268000000 ---p 00000000 00:00 0 
7fd268000000-7fd268021000 rw-p 00000000 00:00 0 
7fd268021000-7fd26c000000 ---p 00000000 00:00 0 
7fd26c000000-7fd26c04e000 rw-p 00000000 00:00 0 
7fd26c04e000-7fd270000000 ---p 00000000 00:00 0 
7fd270000000-7fd270021000 rw-p 00000000 00:00 0 
7fd270021000-7fd274000000 ---p 00000000 00:00 0 
7fd274000000-7fd274021000 rw-p 00000000 00:00 0 
7fd274021000-7fd278000000 ---p 00000000 00:00 0 
7fd278000000-7fd27828c000 rw-p 00000000 00:00 0 
7fd27828c000-7fd27c000000 ---p 00000000 00:00 0 
7fd27c001000-7fd27c014000 r--s 00344000 08:11 3806670                    /usr/lib/jvm/java-8-oracle/jre/lib/resources.jar
7fd27c014000-7fd27c030000 r--s 00393000 08:11 3933960                    /usr/lib/jvm/java-8-oracle/jre/lib/ext/cldrdata.jar
7fd27c030000-7fd27c04b000 r--s 001d5000 08:11 3933963                    /usr/lib/jvm/java-8-oracle/jre/lib/ext/nashorn.jar
7fd27c04b000-7fd27c070000 r--p 00000000 08:11 3022619                    /usr/share/locale-langpack/es/LC_MESSAGES/libc.mo
7fd27c070000-7fd27c270000 rw-p 00000000 00:00 0 
7fd27c270000-7fd280000000 rw-p 00000000 00:00 0 
7fd280000000-7fd280021000 rw-p 00000000 00:00 0 
7fd280021000-7fd284000000 ---p 00000000 00:00 0 
7fd284000000-7fd284021000 rw-p 00000000 00:00 0 
7fd284021000-7fd288000000 ---p 00000000 00:00 0 
7fd288000000-7fd288021000 rw-p 00000000 00:00 0 
7fd288021000-7fd28c000000 ---p 00000000 00:00 0 
7fd28c000000-7fd28c021000 rw-p 00000000 00:00 0 
7fd28c021000-7fd290000000 ---p 00000000 00:00 0 
7fd290000000-7fd290021000 rw-p 00000000 00:00 0 
7fd290021000-7fd294000000 ---p 00000000 00:00 0 
7fd294000000-7fd294021000 rw-p 00000000 00:00 0 
7fd294021000-7fd298000000 ---p 00000000 00:00 0 
7fd298000000-7fd298021000 rw-p 00000000 00:00 0 
7fd298021000-7fd29c000000 ---p 00000000 00:00 0 
7fd29c000000-7fd29c021000 rw-p 00000000 00:00 0 
7fd29c021000-7fd2a0000000 ---p 00000000 00:00 0 
7fd2a0002000-7fd2a0006000 r--s 0003a000 08:11 3933965                    /usr/lib/jvm/java-8-oracle/jre/lib/ext/sunpkcs11.jar
7fd2a0006000-7fd2a0009000 ---p 00000000 00:00 0 
7fd2a0009000-7fd2a0107000 rw-p 00000000 00:00 0 
7fd2a0107000-7fd2a0125000 r--s 00b74000 08:03 2098300                    /home/rfrodriguez/.m2/repository/refactor-nrepl/refactor-nrepl/2.2.0/refactor-nrepl-2.2.0.jar
7fd2a0125000-7fd2a0168000 r--s 00332000 08:03 1312412                    /home/rfrodriguez/.m2/repository/org/clojure/clojure/1.8.0/clojure-1.8.0.jar
7fd2a0168000-7fd2a0169000 ---p 00000000 00:00 0 
7fd2a0169000-7fd2a0269000 rw-p 00000000 00:00 0 
7fd2a0269000-7fd2a026c000 ---p 00000000 00:00 0 
7fd2a026c000-7fd2a036a000 rw-p 00000000 00:00 0 
7fd2a036a000-7fd2a036d000 ---p 00000000 00:00 0 
7fd2a036d000-7fd2a046b000 rw-p 00000000 00:00 0 
7fd2a046b000-7fd2a046e000 ---p 00000000 00:00 0 
7fd2a046e000-7fd2a056c000 rw-p 00000000 00:00 0 
7fd2a056c000-7fd2a056f000 ---p 00000000 00:00 0 
7fd2a056f000-7fd2a066d000 rw-p 00000000 00:00 0 
7fd2a066d000-7fd2a0670000 ---p 00000000 00:00 0 
7fd2a0670000-7fd2a076e000 rw-p 00000000 00:00 0 
7fd2a076e000-7fd2a0771000 ---p 00000000 00:00 0 
7fd2a0771000-7fd2a086f000 rw-p 00000000 00:00 0 
7fd2a086f000-7fd2a0dbc000 r--p 00000000 08:11 2098592                    /usr/lib/locale/locale-archive
7fd2a0dbc000-7fd2a0dbf000 ---p 00000000 00:00 0 
7fd2a0dbf000-7fd2a0ebd000 rw-p 00000000 00:00 0 
7fd2a0ebd000-7fd2a0ec0000 ---p 00000000 00:00 0 
7fd2a0ec0000-7fd2a0fbe000 rw-p 00000000 00:00 0 
7fd2a0fbe000-7fd2a0fbf000 ---p 00000000 00:00 0 
7fd2a0fbf000-7fd2a2cef000 rw-p 00000000 00:00 0 
7fd2a2cef000-7fd2a2ec8000 r--s 03d1f000 08:11 3806666                    /usr/lib/jvm/java-8-oracle/jre/lib/rt.jar
7fd2a2ec8000-7fd2a3aa1000 rw-p 00000000 00:00 0 
7fd2a3aa1000-7fd2a3aa2000 ---p 00000000 00:00 0 
7fd2a3aa2000-7fd2a3ba2000 rw-p 00000000 00:00 0 
7fd2a3ba2000-7fd2a3ba3000 ---p 00000000 00:00 0 
7fd2a3ba3000-7fd2a3ca3000 rw-p 00000000 00:00 0 
7fd2a3ca3000-7fd2a3ca4000 ---p 00000000 00:00 0 
7fd2a3ca4000-7fd2a3da4000 rw-p 00000000 00:00 0 
7fd2a3da4000-7fd2a3da5000 ---p 00000000 00:00 0 
7fd2a3da5000-7fd2a3ea5000 rw-p 00000000 00:00 0 
7fd2a3ea5000-7fd2a3ea6000 ---p 00000000 00:00 0 
7fd2a3ea6000-7fd2a3fa6000 rw-p 00000000 00:00 0 
7fd2a3fa6000-7fd2a3fa7000 ---p 00000000 00:00 0 
7fd2a3fa7000-7fd2a40a7000 rw-p 00000000 00:00 0 
7fd2a40a7000-7fd2a40a8000 ---p 00000000 00:00 0 
7fd2a40a8000-7fd2a41c4000 rw-p 00000000 00:00 0 
7fd2a41c4000-7fd2a4439000 ---p 00000000 00:00 0 
7fd2a4439000-7fd2a4455000 rw-p 00000000 00:00 0 
7fd2a4455000-7fd2a46c9000 ---p 00000000 00:00 0 
7fd2a46c9000-7fd2a4750000 rw-p 00000000 00:00 0 
7fd2a4750000-7fd2a4812000 ---p 00000000 00:00 0 
7fd2a4812000-7fd2a4828000 rw-p 00000000 00:00 0 
7fd2a4828000-7fd2a4bd3000 ---p 00000000 00:00 0 
7fd2a4bd3000-7fd2a5113000 rwxp 00000000 00:00 0 
7fd2a5113000-7fd2b3bd3000 ---p 00000000 00:00 0 
7fd2b3bd3000-7fd2b3bed000 r-xp 00000000 08:11 3806811                    /usr/lib/jvm/java-8-oracle/jre/lib/amd64/libzip.so
7fd2b3bed000-7fd2b3ded000 ---p 0001a000 08:11 3806811                    /usr/lib/jvm/java-8-oracle/jre/lib/amd64/libzip.so
7fd2b3ded000-7fd2b3dee000 rw-p 0001a000 08:11 3806811                    /usr/lib/jvm/java-8-oracle/jre/lib/amd64/libzip.so
7fd2b3dee000-7fd2b3df9000 r-xp 00000000 08:11 6557625                    /lib/x86_64-linux-gnu/libnss_files-2.23.so
7fd2b3df9000-7fd2b3ff8000 ---p 0000b000 08:11 6557625                    /lib/x86_64-linux-gnu/libnss_files-2.23.so
7fd2b3ff8000-7fd2b3ff9000 r--p 0000a000 08:11 6557625                    /lib/x86_64-linux-gnu/libnss_files-2.23.so
7fd2b3ff9000-7fd2b3ffa000 rw-p 0000b000 08:11 6557625                    /lib/x86_64-linux-gnu/libnss_files-2.23.so
7fd2b3ffa000-7fd2b4000000 rw-p 00000000 00:00 0 
7fd2b4000000-7fd2b4eb6000 rw-p 00000000 00:00 0 
7fd2b4eb6000-7fd2b8000000 ---p 00000000 00:00 0 
7fd2b8003000-7fd2b800a000 r--s 00000000 08:11 2499868                    /usr/lib/x86_64-linux-gnu/gconv/gconv-modules.cache
7fd2b800a000-7fd2b80c2000 rw-p 00000000 00:00 0 
7fd2b80c2000-7fd2b80c3000 ---p 00000000 00:00 0 
7fd2b80c3000-7fd2b81c3000 rw-p 00000000 00:00 0 
7fd2b81c3000-7fd2b81ce000 r-xp 00000000 08:11 6557622                    /lib/x86_64-linux-gnu/libnss_nis-2.23.so
7fd2b81ce000-7fd2b83cd000 ---p 0000b000 08:11 6557622                    /lib/x86_64-linux-gnu/libnss_nis-2.23.so
7fd2b83cd000-7fd2b83ce000 r--p 0000a000 08:11 6557622                    /lib/x86_64-linux-gnu/libnss_nis-2.23.so
7fd2b83ce000-7fd2b83cf000 rw-p 0000b000 08:11 6557622                    /lib/x86_64-linux-gnu/libnss_nis-2.23.so
7fd2b83cf000-7fd2b83e5000 r-xp 00000000 08:11 6557620                    /lib/x86_64-linux-gnu/libnsl-2.23.so
7fd2b83e5000-7fd2b85e4000 ---p 00016000 08:11 6557620                    /lib/x86_64-linux-gnu/libnsl-2.23.so
7fd2b85e4000-7fd2b85e5000 r--p 00015000 08:11 6557620                    /lib/x86_64-linux-gnu/libnsl-2.23.so
7fd2b85e5000-7fd2b85e6000 rw-p 00016000 08:11 6557620                    /lib/x86_64-linux-gnu/libnsl-2.23.so
7fd2b85e6000-7fd2b85e8000 rw-p 00000000 00:00 0 
7fd2b85e8000-7fd2b85f0000 r-xp 00000000 08:11 6557618                    /lib/x86_64-linux-gnu/libnss_compat-2.23.so
7fd2b85f0000-7fd2b87ef000 ---p 00008000 08:11 6557618                    /lib/x86_64-linux-gnu/libnss_compat-2.23.so
7fd2b87ef000-7fd2b87f0000 r--p 00007000 08:11 6557618                    /lib/x86_64-linux-gnu/libnss_compat-2.23.so
7fd2b87f0000-7fd2b87f1000 rw-p 00008000 08:11 6557618                    /lib/x86_64-linux-gnu/libnss_compat-2.23.so
7fd2b87f1000-7fd2b881b000 r-xp 00000000 08:11 3806712                    /usr/lib/jvm/java-8-oracle/jre/lib/amd64/libjava.so
7fd2b881b000-7fd2b8a1b000 ---p 0002a000 08:11 3806712                    /usr/lib/jvm/java-8-oracle/jre/lib/amd64/libjava.so
7fd2b8a1b000-7fd2b8a1d000 rw-p 0002a000 08:11 3806712                    /usr/lib/jvm/java-8-oracle/jre/lib/amd64/libjava.so
7fd2b8a1d000-7fd2b8a2a000 r-xp 00000000 08:11 3806716                    /usr/lib/jvm/java-8-oracle/jre/lib/amd64/libverify.so
7fd2b8a2a000-7fd2b8c2a000 ---p 0000d000 08:11 3806716                    /usr/lib/jvm/java-8-oracle/jre/lib/amd64/libverify.so
7fd2b8c2a000-7fd2b8c2c000 rw-p 0000d000 08:11 3806716                    /usr/lib/jvm/java-8-oracle/jre/lib/amd64/libverify.so
7fd2b8c2c000-7fd2b8c33000 r-xp 00000000 08:11 6557634                    /lib/x86_64-linux-gnu/librt-2.23.so
7fd2b8c33000-7fd2b8e32000 ---p 00007000 08:11 6557634                    /lib/x86_64-linux-gnu/librt-2.23.so
7fd2b8e32000-7fd2b8e33000 r--p 00006000 08:11 6557634                    /lib/x86_64-linux-gnu/librt-2.23.so
7fd2b8e33000-7fd2b8e34000 rw-p 00007000 08:11 6557634                    /lib/x86_64-linux-gnu/librt-2.23.so
7fd2b8e34000-7fd2b8f3c000 r-xp 00000000 08:11 6557631                    /lib/x86_64-linux-gnu/libm-2.23.so
7fd2b8f3c000-7fd2b913b000 ---p 00108000 08:11 6557631                    /lib/x86_64-linux-gnu/libm-2.23.so
7fd2b913b000-7fd2b913c000 r--p 00107000 08:11 6557631                    /lib/x86_64-linux-gnu/libm-2.23.so
7fd2b913c000-7fd2b913d000 rw-p 00108000 08:11 6557631                    /lib/x86_64-linux-gnu/libm-2.23.so
7fd2b913d000-7fd2b9dfd000 r-xp 00000000 08:11 3934060                    /usr/lib/jvm/java-8-oracle/jre/lib/amd64/server/libjvm.so
7fd2b9dfd000-7fd2b9ffd000 ---p 00cc0000 08:11 3934060                    /usr/lib/jvm/java-8-oracle/jre/lib/amd64/server/libjvm.so
7fd2b9ffd000-7fd2ba0d5000 rw-p 00cc0000 08:11 3934060                    /usr/lib/jvm/java-8-oracle/jre/lib/amd64/server/libjvm.so
7fd2ba0d5000-7fd2ba120000 rw-p 00000000 00:00 0 
7fd2ba120000-7fd2ba2e0000 r-xp 00000000 08:11 6557639                    /lib/x86_64-linux-gnu/libc-2.23.so
7fd2ba2e0000-7fd2ba4df000 ---p 001c0000 08:11 6557639                    /lib/x86_64-linux-gnu/libc-2.23.so
7fd2ba4df000-7fd2ba4e3000 r--p 001bf000 08:11 6557639                    /lib/x86_64-linux-gnu/libc-2.23.so
7fd2ba4e3000-7fd2ba4e5000 rw-p 001c3000 08:11 6557639                    /lib/x86_64-linux-gnu/libc-2.23.so
7fd2ba4e5000-7fd2ba4e9000 rw-p 00000000 00:00 0 
7fd2ba4e9000-7fd2ba4ec000 r-xp 00000000 08:11 6557640                    /lib/x86_64-linux-gnu/libdl-2.23.so
7fd2ba4ec000-7fd2ba6eb000 ---p 00003000 08:11 6557640                    /lib/x86_64-linux-gnu/libdl-2.23.so
7fd2ba6eb000-7fd2ba6ec000 r--p 00002000 08:11 6557640                    /lib/x86_64-linux-gnu/libdl-2.23.so
7fd2ba6ec000-7fd2ba6ed000 rw-p 00003000 08:11 6557640                    /lib/x86_64-linux-gnu/libdl-2.23.so
7fd2ba6ed000-7fd2ba702000 r-xp 00000000 08:11 3934056                    /usr/lib/jvm/java-8-oracle/jre/lib/amd64/jli/libjli.so
7fd2ba702000-7fd2ba902000 ---p 00015000 08:11 3934056                    /usr/lib/jvm/java-8-oracle/jre/lib/amd64/jli/libjli.so
7fd2ba902000-7fd2ba903000 rw-p 00015000 08:11 3934056                    /usr/lib/jvm/java-8-oracle/jre/lib/amd64/jli/libjli.so
7fd2ba903000-7fd2ba91b000 r-xp 00000000 08:11 6557638                    /lib/x86_64-linux-gnu/libpthread-2.23.so
7fd2ba91b000-7fd2bab1a000 ---p 00018000 08:11 6557638                    /lib/x86_64-linux-gnu/libpthread-2.23.so
7fd2bab1a000-7fd2bab1b000 r--p 00017000 08:11 6557638                    /lib/x86_64-linux-gnu/libpthread-2.23.so
7fd2bab1b000-7fd2bab1c000 rw-p 00018000 08:11 6557638                    /lib/x86_64-linux-gnu/libpthread-2.23.so
7fd2bab1c000-7fd2bab20000 rw-p 00000000 00:00 0 
7fd2bab20000-7fd2bab46000 r-xp 00000000 08:11 6557635                    /lib/x86_64-linux-gnu/ld-2.23.so
7fd2bab46000-7fd2bab4c000 r--s 0003f000 08:11 3933968                    /usr/lib/jvm/java-8-oracle/jre/lib/ext/sunjce_provider.jar
7fd2bab4c000-7fd2bac17000 rw-p 00000000 00:00 0 
7fd2bac17000-7fd2bac1a000 ---p 00000000 00:00 0 
7fd2bac1a000-7fd2bad1c000 rw-p 00000000 00:00 0 
7fd2bad1d000-7fd2bad1e000 r--s 0000a000 08:11 3933962                    /usr/lib/jvm/java-8-oracle/jre/lib/ext/jaccess.jar
7fd2bad1e000-7fd2bad20000 r--s 00001000 08:11 3933959                    /usr/lib/jvm/java-8-oracle/jre/lib/ext/dnsns.jar
7fd2bad20000-7fd2bad21000 r--s 00010000 08:11 3933964                    /usr/lib/jvm/java-8-oracle/jre/lib/ext/zipfs.jar
7fd2bad21000-7fd2bad22000 r--s 00009000 08:11 3933958                    /usr/lib/jvm/java-8-oracle/jre/lib/ext/sunec.jar
7fd2bad22000-7fd2bad2c000 r--s 00116000 08:11 3933967                    /usr/lib/jvm/java-8-oracle/jre/lib/ext/localedata.jar
7fd2bad2c000-7fd2bad2d000 r--s 00002000 08:03 1312414                    /home/rfrodriguez/.m2/repository/clojure-complete/clojure-complete/0.2.4/clojure-complete-0.2.4.jar
7fd2bad2d000-7fd2bad2e000 r--s 00009000 08:03 1312392                    /home/rfrodriguez/.m2/repository/org/clojure/tools.nrepl/0.2.12/tools.nrepl-0.2.12.jar
7fd2bad2e000-7fd2bad30000 r--s 00000000 08:03 1312391                    /home/rfrodriguez/.m2/repository/org/tcrawley/dynapath/0.2.3/dynapath-0.2.3.jar
7fd2bad30000-7fd2bad39000 r--s 00048000 08:03 1312395                    /home/rfrodriguez/.m2/repository/cider/cider-nrepl/0.12.0/cider-nrepl-0.12.0.jar
7fd2bad39000-7fd2bad41000 rw-s 00000000 08:11 3279553                    /tmp/hsperfdata_rfrodriguez/12947
7fd2bad41000-7fd2bad42000 rw-p 00000000 00:00 0 
7fd2bad42000-7fd2bad43000 ---p 00000000 00:00 0 
7fd2bad43000-7fd2bad45000 rw-p 00000000 00:00 0 
7fd2bad45000-7fd2bad46000 r--p 00025000 08:11 6557635                    /lib/x86_64-linux-gnu/ld-2.23.so
7fd2bad46000-7fd2bad47000 rw-p 00026000 08:11 6557635                    /lib/x86_64-linux-gnu/ld-2.23.so
7fd2bad47000-7fd2bad48000 rw-p 00000000 00:00 0 
7ffcb26ac000-7ffcb26cd000 rw-p 00000000 00:00 0                          [stack]
7ffcb27ac000-7ffcb27ae000 r--p 00000000 00:00 0                          [vvar]
7ffcb27ae000-7ffcb27b0000 r-xp 00000000 00:00 0                          [vdso]
ffffffffff600000-ffffffffff601000 r-xp 00000000 00:00 0                  [vsyscall]

VM Arguments:
jvm_args: -Dfile.encoding=UTF-8 -XX:+TieredCompilation -XX:TieredStopAtLevel=1 -XX:-OmitStackTraceInFastThrow -Dclojure.compile.path=/home/rfrodriguez/exercism/clojure/word-count/target/classes -Dword-count.version=0.1.0-SNAPSHOT -Dclojure.debug=false 
java_command: clojure.main -i /tmp/form-init5799634526778216928.clj
java_class_path (initial): /home/rfrodriguez/exercism/clojure/word-count/test:/home/rfrodriguez/exercism/clojure/word-count/src:/home/rfrodriguez/exercism/clojure/word-count/dev-resources:/home/rfrodriguez/exercism/clojure/word-count/resources:/home/rfrodriguez/exercism/clojure/word-count/target/classes:/home/rfrodriguez/.m2/repository/cider/cider-nrepl/0.12.0/cider-nrepl-0.12.0.jar:/home/rfrodriguez/.m2/repository/org/tcrawley/dynapath/0.2.3/dynapath-0.2.3.jar:/home/rfrodriguez/.m2/repository/org/clojure/tools.nrepl/0.2.12/tools.nrepl-0.2.12.jar:/home/rfrodriguez/.m2/repository/org/clojure/clojure/1.8.0/clojure-1.8.0.jar:/home/rfrodriguez/.m2/repository/refactor-nrepl/refactor-nrepl/2.2.0/refactor-nrepl-2.2.0.jar:/home/rfrodriguez/.m2/repository/clojure-complete/clojure-complete/0.2.4/clojure-complete-0.2.4.jar
Launcher Type: SUN_STANDARD

Environment Variables:
CLASSPATH=/home/rfrodriguez/.lein/self-installs/leiningen-2.6.1-standalone.jar
PATH=/usr/local/sbin:/usr/local/bin:/usr/sbin:/usr/bin:/sbin:/bin:/usr/games:/usr/local/games:/snap/bin:/home/rfrodriguez/.rvm/bin
SHELL=/bin/bash
DISPLAY=:0

Signal Handlers:
SIGSEGV: [libjvm.so+0xabca10], sa_mask[0]=11111111011111111101111111111110, sa_flags=SA_RESTART|SA_SIGINFO
SIGBUS: [libjvm.so+0xabca10], sa_mask[0]=11111111011111111101111111111110, sa_flags=SA_RESTART|SA_SIGINFO
SIGFPE: [libjvm.so+0x919a20], sa_mask[0]=11111111011111111101111111111110, sa_flags=SA_RESTART|SA_SIGINFO
SIGPIPE: [libjvm.so+0x919a20], sa_mask[0]=11111111011111111101111111111110, sa_flags=SA_RESTART|SA_SIGINFO
SIGXFSZ: [libjvm.so+0x919a20], sa_mask[0]=11111111011111111101111111111110, sa_flags=SA_RESTART|SA_SIGINFO
SIGILL: [libjvm.so+0x919a20], sa_mask[0]=11111111011111111101111111111110, sa_flags=SA_RESTART|SA_SIGINFO
SIGUSR1: SIG_DFL, sa_mask[0]=00000000000000000000000000000000, sa_flags=none
SIGUSR2: [libjvm.so+0x91b050], sa_mask[0]=00100000000000000000000000000000, sa_flags=SA_RESTART|SA_SIGINFO
SIGHUP: [libjvm.so+0x91c450], sa_mask[0]=11111111011111111101111111111110, sa_flags=SA_RESTART|SA_SIGINFO
SIGINT: [libjvm.so+0x91c450], sa_mask[0]=11111111011111111101111111111110, sa_flags=SA_RESTART|SA_SIGINFO
SIGTERM: [libjvm.so+0x91c450], sa_mask[0]=11111111011111111101111111111110, sa_flags=SA_RESTART|SA_SIGINFO
SIGQUIT: [libjvm.so+0x91c450], sa_mask[0]=11111111011111111101111111111110, sa_flags=SA_RESTART|SA_SIGINFO


---------------  S Y S T E M  ---------------

OS:DISTRIB_ID=Ubuntu
DISTRIB_RELEASE=16.04
DISTRIB_CODENAME=xenial
DISTRIB_DESCRIPTION="Ubuntu 16.04 LTS"

uname:Linux 4.4.0-22-generic #39-Ubuntu SMP Thu May 5 16:53:32 UTC 2016 x86_64
libc:glibc 2.23 NPTL 2.23 
rlimit: STACK 8515k, CORE 0k, NPROC 31338, NOFILE 65536, AS infinity
load average:16,10 4,23 1,72

/proc/meminfo:
MemTotal:        8061648 kB
MemFree:           55404 kB
MemAvailable:      85532 kB
Buffers:             744 kB
Cached:          1442592 kB
SwapCached:            0 kB
Active:          5592920 kB
Inactive:        2088268 kB
Active(anon):    5590360 kB
Inactive(anon):  2085508 kB
Active(file):       2560 kB
Inactive(file):     2760 kB
Unevictable:          48 kB
Mlocked:              48 kB
SwapTotal:             0 kB
SwapFree:              0 kB
Dirty:                 0 kB
Writeback:           160 kB
AnonPages:       6239428 kB
Mapped:           437156 kB
Shmem:           1436488 kB
Slab:             131812 kB
SReclaimable:      55644 kB
SUnreclaim:        76168 kB
KernelStack:       24480 kB
PageTables:        99360 kB
NFS_Unstable:          0 kB
Bounce:                0 kB
WritebackTmp:          0 kB
CommitLimit:     4030824 kB
Committed_AS:   20714940 kB
VmallocTotal:   34359738367 kB
VmallocUsed:           0 kB
VmallocChunk:          0 kB
HardwareCorrupted:     0 kB
AnonHugePages:   2621440 kB
CmaTotal:              0 kB
CmaFree:               0 kB
HugePages_Total:       0
HugePages_Free:        0
HugePages_Rsvd:        0
HugePages_Surp:        0
Hugepagesize:       2048 kB
DirectMap4k:      425516 kB
DirectMap2M:     7849984 kB
DirectMap1G:           0 kB


CPU:total 8 (4 cores per cpu, 2 threads per core) family 6 model 60 stepping 3, cmov, cx8, fxsr, mmx, sse, sse2, sse3, ssse3, sse4.1, sse4.2, popcnt, avx, avx2, aes, clmul, erms, lzcnt, ht, tsc, tscinvbit, bmi1, bmi2

/proc/cpuinfo:
processor	: 0
vendor_id	: GenuineIntel
cpu family	: 6
model		: 60
model name	: Intel(R) Core(TM) i7-4770 CPU @ 3.40GHz
stepping	: 3
microcode	: 0x1e
cpu MHz		: 3699.890
cache size	: 8192 KB
physical id	: 0
siblings	: 8
core id		: 0
cpu cores	: 4
apicid		: 0
initial apicid	: 0
fpu		: yes
fpu_exception	: yes
cpuid level	: 13
wp		: yes
flags		: fpu vme de pse tsc msr pae mce cx8 apic sep mtrr pge mca cmov pat pse36 clflush dts acpi mmx fxsr sse sse2 ss ht tm pbe syscall nx pdpe1gb rdtscp lm constant_tsc arch_perfmon pebs bts rep_good nopl xtopology nonstop_tsc aperfmperf eagerfpu pni pclmulqdq dtes64 monitor ds_cpl vmx smx est tm2 ssse3 sdbg fma cx16 xtpr pdcm pcid sse4_1 sse4_2 x2apic movbe popcnt tsc_deadline_timer aes xsave avx f16c rdrand lahf_lm abm tpr_shadow vnmi flexpriority ept vpid fsgsbase tsc_adjust bmi1 avx2 smep bmi2 erms invpcid xsaveopt dtherm ida arat pln pts
bugs		:
bogomips	: 6784.75
clflush size	: 64
cache_alignment	: 64
address sizes	: 39 bits physical, 48 bits virtual
power management:

processor	: 1
vendor_id	: GenuineIntel
cpu family	: 6
model		: 60
model name	: Intel(R) Core(TM) i7-4770 CPU @ 3.40GHz
stepping	: 3
microcode	: 0x1e
cpu MHz		: 3699.890
cache size	: 8192 KB
physical id	: 0
siblings	: 8
core id		: 1
cpu cores	: 4
apicid		: 2
initial apicid	: 2
fpu		: yes
fpu_exception	: yes
cpuid level	: 13
wp		: yes
flags		: fpu vme de pse tsc msr pae mce cx8 apic sep mtrr pge mca cmov pat pse36 clflush dts acpi mmx fxsr sse sse2 ss ht tm pbe syscall nx pdpe1gb rdtscp lm constant_tsc arch_perfmon pebs bts rep_good nopl xtopology nonstop_tsc aperfmperf eagerfpu pni pclmulqdq dtes64 monitor ds_cpl vmx smx est tm2 ssse3 sdbg fma cx16 xtpr pdcm pcid sse4_1 sse4_2 x2apic movbe popcnt tsc_deadline_timer aes xsave avx f16c rdrand lahf_lm abm tpr_shadow vnmi flexpriority ept vpid fsgsbase tsc_adjust bmi1 avx2 smep bmi2 erms invpcid xsaveopt dtherm ida arat pln pts
bugs		:
bogomips	: 6784.75
clflush size	: 64
cache_alignment	: 64
address sizes	: 39 bits physical, 48 bits virtual
power management:

processor	: 2
vendor_id	: GenuineIntel
cpu family	: 6
model		: 60
model name	: Intel(R) Core(TM) i7-4770 CPU @ 3.40GHz
stepping	: 3
microcode	: 0x1e
cpu MHz		: 3700.023
cache size	: 8192 KB
physical id	: 0
siblings	: 8
core id		: 2
cpu cores	: 4
apicid		: 4
initial apicid	: 4
fpu		: yes
fpu_exception	: yes
cpuid level	: 13
wp		: yes
flags		: fpu vme de pse tsc msr pae mce cx8 apic sep mtrr pge mca cmov pat pse36 clflush dts acpi mmx fxsr sse sse2 ss ht tm pbe syscall nx pdpe1gb rdtscp lm constant_tsc arch_perfmon pebs bts rep_good nopl xtopology nonstop_tsc aperfmperf eagerfpu pni pclmulqdq dtes64 monitor ds_cpl vmx smx est tm2 ssse3 sdbg fma cx16 xtpr pdcm pcid sse4_1 sse4_2 x2apic movbe popcnt tsc_deadline_timer aes xsave avx f16c rdrand lahf_lm abm tpr_shadow vnmi flexpriority ept vpid fsgsbase tsc_adjust bmi1 avx2 smep bmi2 erms invpcid xsaveopt dtherm ida arat pln pts
bugs		:
bogomips	: 6784.75
clflush size	: 64
cache_alignment	: 64
address sizes	: 39 bits physical, 48 bits virtual
power management:

processor	: 3
vendor_id	: GenuineIntel
cpu family	: 6
model		: 60
model name	: Intel(R) Core(TM) i7-4770 CPU @ 3.40GHz
stepping	: 3
microcode	: 0x1e
cpu MHz		: 3707.859
cache size	: 8192 KB
physical id	: 0
siblings	: 8
core id		: 3
cpu cores	: 4
apicid		: 6
initial apicid	: 6
fpu		: yes
fpu_exception	: yes
cpuid level	: 13
wp		: yes
flags		: fpu vme de pse tsc msr pae mce cx8 apic sep mtrr pge mca cmov pat pse36 clflush dts acpi mmx fxsr sse sse2 ss ht tm pbe syscall nx pdpe1gb rdtscp lm constant_tsc arch_perfmon pebs bts rep_good nopl xtopology nonstop_tsc aperfmperf eagerfpu pni pclmulqdq dtes64 monitor ds_cpl vmx smx est tm2 ssse3 sdbg fma cx16 xtpr pdcm pcid sse4_1 sse4_2 x2apic movbe popcnt tsc_deadline_timer aes xsave avx f16c rdrand lahf_lm abm tpr_shadow vnmi flexpriority ept vpid fsgsbase tsc_adjust bmi1 avx2 smep bmi2 erms invpcid xsaveopt dtherm ida arat pln pts
bugs		:
bogomips	: 6784.75
clflush size	: 64
cache_alignment	: 64
address sizes	: 39 bits physical, 48 bits virtual
power management:

processor	: 4
vendor_id	: GenuineIntel
cpu family	: 6
model		: 60
model name	: Intel(R) Core(TM) i7-4770 CPU @ 3.40GHz
stepping	: 3
microcode	: 0x1e
cpu MHz		: 3699.890
cache size	: 8192 KB
physical id	: 0
siblings	: 8
core id		: 0
cpu cores	: 4
apicid		: 1
initial apicid	: 1
fpu		: yes
fpu_exception	: yes
cpuid level	: 13
wp		: yes
flags		: fpu vme de pse tsc msr pae mce cx8 apic sep mtrr pge mca cmov pat pse36 clflush dts acpi mmx fxsr sse sse2 ss ht tm pbe syscall nx pdpe1gb rdtscp lm constant_tsc arch_perfmon pebs bts rep_good nopl xtopology nonstop_tsc aperfmperf eagerfpu pni pclmulqdq dtes64 monitor ds_cpl vmx smx est tm2 ssse3 sdbg fma cx16 xtpr pdcm pcid sse4_1 sse4_2 x2apic movbe popcnt tsc_deadline_timer aes xsave avx f16c rdrand lahf_lm abm tpr_shadow vnmi flexpriority ept vpid fsgsbase tsc_adjust bmi1 avx2 smep bmi2 erms invpcid xsaveopt dtherm ida arat pln pts
bugs		:
bogomips	: 6784.75
clflush size	: 64
cache_alignment	: 64
address sizes	: 39 bits physical, 48 bits virtual
power management:

processor	: 5
vendor_id	: GenuineIntel
cpu family	: 6
model		: 60
model name	: Intel(R) Core(TM) i7-4770 CPU @ 3.40GHz
stepping	: 3
microcode	: 0x1e
cpu MHz		: 3700.421
cache size	: 8192 KB
physical id	: 0
siblings	: 8
core id		: 1
cpu cores	: 4
apicid		: 3
initial apicid	: 3
fpu		: yes
fpu_exception	: yes
cpuid level	: 13
wp		: yes
flags		: fpu vme de pse tsc msr pae mce cx8 apic sep mtrr pge mca cmov pat pse36 clflush dts acpi mmx fxsr sse sse2 ss ht tm pbe syscall nx pdpe1gb rdtscp lm constant_tsc arch_perfmon pebs bts rep_good nopl xtopology nonstop_tsc aperfmperf eagerfpu pni pclmulqdq dtes64 monitor ds_cpl vmx smx est tm2 ssse3 sdbg fma cx16 xtpr pdcm pcid sse4_1 sse4_2 x2apic movbe popcnt tsc_deadline_timer aes xsave avx f16c rdrand lahf_lm abm tpr_shadow vnmi flexpriority ept vpid fsgsbase tsc_adjust bmi1 avx2 smep bmi2 erms invpcid xsaveopt dtherm ida arat pln pts
bugs		:
bogomips	: 6784.75
clflush size	: 64
cache_alignment	: 64
address sizes	: 39 bits physical, 48 bits virtual
power management:

processor	: 6
vendor_id	: GenuineIntel
cpu family	: 6
model		: 60
model name	: Intel(R) Core(TM) i7-4770 CPU @ 3.40GHz
stepping	: 3
microcode	: 0x1e
cpu MHz		: 3466.671
cache size	: 8192 KB
physical id	: 0
siblings	: 8
core id		: 2
cpu cores	: 4
apicid		: 5
initial apicid	: 5
fpu		: yes
fpu_exception	: yes
cpuid level	: 13
wp		: yes
flags		: fpu vme de pse tsc msr pae mce cx8 apic sep mtrr pge mca cmov pat pse36 clflush dts acpi mmx fxsr sse sse2 ss ht tm pbe syscall nx pdpe1gb rdtscp lm constant_tsc arch_perfmon pebs bts rep_good nopl xtopology nonstop_tsc aperfmperf eagerfpu pni pclmulqdq dtes64 monitor ds_cpl vmx smx est tm2 ssse3 sdbg fma cx16 xtpr pdcm pcid sse4_1 sse4_2 x2apic movbe popcnt tsc_deadline_timer aes xsave avx f16c rdrand lahf_lm abm tpr_shadow vnmi flexpriority ept vpid fsgsbase tsc_adjust bmi1 avx2 smep bmi2 erms invpcid xsaveopt dtherm ida arat pln pts
bugs		:
bogomips	: 6784.75
clflush size	: 64
cache_alignment	: 64
address sizes	: 39 bits physical, 48 bits virtual
power management:

processor	: 7
vendor_id	: GenuineIntel
cpu family	: 6
model		: 60
model name	: Intel(R) Core(TM) i7-4770 CPU @ 3.40GHz
stepping	: 3
microcode	: 0x1e
cpu MHz		: 3700.687
cache size	: 8192 KB
physical id	: 0
siblings	: 8
core id		: 3
cpu cores	: 4
apicid		: 7
initial apicid	: 7
fpu		: yes
fpu_exception	: yes
cpuid level	: 13
wp		: yes
flags		: fpu vme de pse tsc msr pae mce cx8 apic sep mtrr pge mca cmov pat pse36 clflush dts acpi mmx fxsr sse sse2 ss ht tm pbe syscall nx pdpe1gb rdtscp lm constant_tsc arch_perfmon pebs bts rep_good nopl xtopology nonstop_tsc aperfmperf eagerfpu pni pclmulqdq dtes64 monitor ds_cpl vmx smx est tm2 ssse3 sdbg fma cx16 xtpr pdcm pcid sse4_1 sse4_2 x2apic movbe popcnt tsc_deadline_timer aes xsave avx f16c rdrand lahf_lm abm tpr_shadow vnmi flexpriority ept vpid fsgsbase tsc_adjust bmi1 avx2 smep bmi2 erms invpcid xsaveopt dtherm ida arat pln pts
bugs		:
bogomips	: 6784.75
clflush size	: 64
cache_alignment	: 64
address sizes	: 39 bits physical, 48 bits virtual
power management:



Memory: 4k page, physical 8061648k(52680k free), swap 0k(0k free)

vm_info: Java HotSpot(TM) 64-Bit Server VM (25.91-b14) for linux-amd64 JRE (1.8.0_91-b14), built on Apr  1 2016 00:57:21 by "java_re" with gcc 4.3.0 20080428 (Red Hat 4.3.0-8)

time: Thu May 19 11:49:03 2016
elapsed time: 42 seconds (0d 0h 0m 42s)

